[22:48:39] [main/INFO] (FabricLoader/GameProvider) Loading Minecraft 1.21.4 with Fabric Loader 0.17.2
[22:48:39] [main/INFO] (FabricLoader) Loading 55 mods:
	- cnutils 1.0
	- fabric-api 0.117.0+1.21.4
	- fabric-api-base 0.4.54+b47eab6b04
	- fabric-api-lookup-api-v1 1.6.86+b1caf1e904
	- fabric-biome-api-v1 15.0.6+b1c29d8e04
	- fabric-block-api-v1 1.0.31+7feeb73304
	- fabric-block-view-api-v2 1.0.19+7feeb73304
	- fabric-blockrenderlayer-v1 2.0.8+7feeb73304
	- fabric-client-gametest-api-v1 4.1.1+6816ccd404
	- fabric-client-tags-api-v1 1.1.29+20ea1e2304
	- fabric-command-api-v1 1.2.62+f71b366f04
	- fabric-command-api-v2 2.2.41+e496eb1504
	- fabric-commands-v0 0.2.79+df3654b304
	- fabric-content-registries-v0 9.1.18+25d1a67604
	- fabric-convention-tags-v1 2.1.16+7f945d5b04
	- fabric-convention-tags-v2 2.12.2+8a9646a604
	- fabric-crash-report-info-v1 0.3.6+7feeb73304
	- fabric-data-attachment-api-v1 1.5.3+2d7e411e04
	- fabric-data-generation-api-v1 22.2.11+20ea1e2304
	- fabric-dimensions-v1 4.0.10+7feeb73304
	- fabric-entity-events-v1 2.0.13+1934821104
	- fabric-events-interaction-v0 4.0.3+a4eebcf004
	- fabric-game-rule-api-v1 1.0.63+7d48d43904
	- fabric-gametest-api-v1 2.0.25+7feeb73304
	- fabric-item-api-v1 11.2.1+42f2d2ba04
	- fabric-item-group-api-v1 4.2.1+fcb9601404
	- fabric-key-binding-api-v1 1.0.57+7d48d43904
	- fabric-keybindings-v0 0.2.55+df3654b304
	- fabric-lifecycle-events-v1 2.5.4+bf2a60eb04
	- fabric-loot-api-v2 3.0.37+3f89f5a504
	- fabric-loot-api-v3 1.0.25+203e6b2304
	- fabric-message-api-v1 6.0.25+7feeb73304
	- fabric-model-loading-api-v1 4.3.0+ae23723504
	- fabric-networking-api-v1 4.3.10+8998135104
	- fabric-object-builder-api-v1 18.0.12+7d48d43904
	- fabric-particles-v1 4.0.14+7feeb73304
	- fabric-recipe-api-v1 8.1.0+640e77ae04
	- fabric-registry-sync-v0 6.1.8+742bac2904
	- fabric-renderer-api-v1 5.0.3+50f0feb204
	- fabric-renderer-indigo 2.0.3+50f0feb204
	- fabric-rendering-data-attachment-v1 0.3.57+73761d2e04
	- fabric-rendering-fluids-v1 3.1.19+7feeb73304
	- fabric-rendering-v1 10.2.1+0d31b09f04
	- fabric-resource-conditions-api-v1 5.0.13+203e6b2304
	- fabric-resource-loader-v0 3.1.0+c941161304
	- fabric-screen-api-v1 2.0.38+7feeb73304
	- fabric-screen-handler-api-v1 1.3.115+7feeb73304
	- fabric-sound-api-v1 1.0.32+7feeb73304
	- fabric-tag-api-v1 1.0.6+7d48d43904
	- fabric-transfer-api-v1 5.4.9+efa825c904
	- fabric-transitive-access-wideners-v1 6.3.2+56e78b9b04
	- fabricloader 0.17.2
	- java 21
	- minecraft 1.21.4
	- mixinextras 0.5.0
[22:48:40] [main/INFO] (FabricLoader/Mixin) SpongePowered MIXIN Subsystem Version=0.8.7 Source=file:/C:/Users/lenovo/.gradle/caches/modules-2/files-2.1/net.fabricmc/sponge-mixin/0.16.3+mixin.0.8.7/3e535042688d1265447e52ad86950b7d9678a5fa/sponge-mixin-0.16.3+mixin.0.8.7.jar Service=Knot/Fabric Env=CLIENT
[22:48:40] [main/INFO] (FabricLoader/Mixin) Loaded Fabric development mappings for mixin remapper!
[22:48:40] [main/INFO] (FabricLoader/Mixin) Compatibility level set to JAVA_21
[22:48:42] [main/INFO] (FabricLoader/MixinExtras|Service) Initializing MixinExtras via com.llamalad7.mixinextras.service.MixinExtrasServiceImpl(version=0.5.0).
[22:48:43] [Datafixer Bootstrap/INFO] (Minecraft) 243 Datafixer optimizations took 419 milliseconds
[22:48:51] [Render thread/INFO] (Minecraft) Environment: Environment[sessionHost=https://sessionserver.mojang.com, servicesHost=https://api.minecraftservices.com, name=PROD]
[22:48:51] [Render thread/INFO] (Minecraft) Setting user: Player487
[22:48:51] [Render thread/INFO] (Indigo) [Indigo] Registering Indigo renderer!
[22:48:52] [Render thread/INFO] (Minecraft) Backend library: LWJGL version 3.3.3-snapshot
[22:48:53] [Render thread/INFO] (Minecraft) Reloading ResourceManager: vanilla, fabric, fabric-api, fabric-api-base, fabric-api-lookup-api-v1, fabric-biome-api-v1, fabric-block-api-v1, fabric-block-view-api-v2, fabric-blockrenderlayer-v1, fabric-client-gametest-api-v1, fabric-client-tags-api-v1, fabric-command-api-v1, fabric-command-api-v2, fabric-commands-v0, fabric-content-registries-v0, fabric-convention-tags-v1, fabric-convention-tags-v2, fabric-crash-report-info-v1, fabric-data-attachment-api-v1, fabric-data-generation-api-v1, fabric-dimensions-v1, fabric-entity-events-v1, fabric-events-interaction-v0, fabric-game-rule-api-v1, fabric-gametest-api-v1, fabric-item-api-v1, fabric-item-group-api-v1, fabric-key-binding-api-v1, fabric-keybindings-v0, fabric-lifecycle-events-v1, fabric-loot-api-v2, fabric-loot-api-v3, fabric-message-api-v1, fabric-model-loading-api-v1, fabric-networking-api-v1, fabric-object-builder-api-v1, fabric-particles-v1, fabric-recipe-api-v1, fabric-registry-sync-v0, fabric-renderer-api-v1, fabric-renderer-indigo, fabric-rendering-data-attachment-v1, fabric-rendering-fluids-v1, fabric-rendering-v1, fabric-resource-conditions-api-v1, fabric-resource-loader-v0, fabric-screen-api-v1, fabric-screen-handler-api-v1, fabric-sound-api-v1, fabric-tag-api-v1, fabric-transfer-api-v1, fabric-transitive-access-wideners-v1, fabricloader
[22:48:53] [Worker-Main-8/INFO] (Minecraft) Found unifont_jp_patch-16.0.01.hex, loading
[22:48:53] [Worker-Main-2/INFO] (Minecraft) Found unifont_all_no_pua-16.0.01.hex, loading
[22:48:55] [Render thread/INFO] (Minecraft) OpenAL initialized on device OpenAL Soft on VG248 (NVIDIA High Definition Audio)
[22:48:55] [Render thread/INFO] (Minecraft) Sound engine started
[22:48:55] [Render thread/INFO] (Minecraft) Created: 1024x512x4 minecraft:textures/atlas/blocks.png-atlas
[22:48:55] [Render thread/INFO] (Minecraft) Created: 256x256x4 minecraft:textures/atlas/signs.png-atlas
[22:48:55] [Render thread/INFO] (Minecraft) Created: 512x512x4 minecraft:textures/atlas/shield_patterns.png-atlas
[22:48:55] [Render thread/INFO] (Minecraft) Created: 512x512x4 minecraft:textures/atlas/banner_patterns.png-atlas
[22:48:55] [Render thread/INFO] (Minecraft) Created: 2048x1024x4 minecraft:textures/atlas/armor_trims.png-atlas
[22:48:55] [Render thread/INFO] (Minecraft) Created: 128x64x4 minecraft:textures/atlas/decorated_pot.png-atlas
[22:48:55] [Render thread/INFO] (Minecraft) Created: 256x256x4 minecraft:textures/atlas/chest.png-atlas
[22:48:55] [Render thread/INFO] (Minecraft) Created: 512x256x4 minecraft:textures/atlas/beds.png-atlas
[22:48:55] [Render thread/INFO] (Minecraft) Created: 512x256x4 minecraft:textures/atlas/shulker_boxes.png-atlas
[22:48:55] [Render thread/INFO] (Minecraft) Created: 64x64x0 minecraft:textures/atlas/map_decorations.png-atlas
[22:48:56] [Render thread/INFO] (Minecraft) Created: 512x256x0 minecraft:textures/atlas/particles.png-atlas
[22:48:56] [Render thread/INFO] (Minecraft) Created: 512x256x0 minecraft:textures/atlas/paintings.png-atlas
[22:48:56] [Render thread/INFO] (Minecraft) Created: 256x128x0 minecraft:textures/atlas/mob_effects.png-atlas
[22:48:56] [Render thread/INFO] (Minecraft) Created: 1024x512x0 minecraft:textures/atlas/gui.png-atlas
[22:49:29] [Render thread/INFO] (Minecraft) Loaded 1370 recipes
[22:49:29] [Render thread/INFO] (Minecraft) Loaded 1481 advancements
[22:49:29] [Render thread/INFO] (BiomeModificationImpl) Applied 0 biome modifications to 0 of 65 new biomes in 1.346 ms
[22:49:29] [Server thread/INFO] (Minecraft) Starting integrated minecraft server version 1.21.4
[22:49:29] [Server thread/INFO] (Minecraft) Generating keypair
[22:49:29] [Server thread/INFO] (Minecraft) Preparing start region for dimension minecraft:overworld
[22:49:30] [Render thread/INFO] (Minecraft) Preparing spawn area: 0%
[22:49:30] [Render thread/INFO] (Minecraft) Preparing spawn area: 0%
[22:49:31] [Render thread/INFO] (Minecraft) Preparing spawn area: 97%
[22:49:31] [Render thread/INFO] (Minecraft) Time elapsed: 1143 ms
[22:49:31] [Server thread/INFO] (Minecraft) Changing view distance to 12, from 10
[22:49:31] [Server thread/INFO] (Minecraft) Changing simulation distance to 12, from 0
[22:49:31] [Server thread/INFO] (Minecraft) Player487[local:E:fb36cc70] logged in with entity id 51 at (-1090.1169394575468, 91.2881920864613, -1991.6451581956917)
[22:49:31] [Server thread/INFO] (Minecraft) Player487 joined the game
[22:49:32] [Render thread/INFO] (Minecraft) Loaded 39 advancements
[22:49:34] [Server thread/INFO] (Minecraft) Saving and pausing game...
[22:49:34] [Server thread/INFO] (Minecraft) Saving chunks for level 'ServerLevel[New World]'/minecraft:overworld
[22:49:34] [Server thread/INFO] (Minecraft) Saving chunks for level 'ServerLevel[New World]'/minecraft:the_end
[22:49:34] [Server thread/INFO] (Minecraft) Saving chunks for level 'ServerLevel[New World]'/minecraft:the_nether
[22:49:42] [Server thread/INFO] (Minecraft) Saving and pausing game...
[22:49:42] [Server thread/INFO] (Minecraft) Saving chunks for level 'ServerLevel[New World]'/minecraft:overworld
[22:49:43] [Server thread/INFO] (Minecraft) Saving chunks for level 'ServerLevel[New World]'/minecraft:the_end
[22:49:43] [Server thread/INFO] (Minecraft) Saving chunks for level 'ServerLevel[New World]'/minecraft:the_nether
[22:49:46] [Render thread/INFO] (Minecraft) Using default channel type
[22:49:46] [Render thread/INFO] (Minecraft) Started serving on 64658
[22:49:46] [Render thread/INFO] (Minecraft) [System] [CHAT] Local game hosted on port [64658]
[22:49:48] [User Authenticator #1/INFO] (Minecraft) UUID of player CinarBayramic is 6c8ee52e-c836-4546-81e6-db1b7b24d3f0
[22:49:48] [Server thread/INFO] (Minecraft) CinarBayramic[/192.168.56.1:64660] logged in with entity id 345 at (-1089.1982602439243, 92.66338882261255, -1992.0627332622842)
[22:49:48] [Server thread/INFO] (Minecraft) CinarBayramic joined the game
[22:49:48] [Render thread/INFO] (Minecraft) [System] [CHAT] CinarBayramic joined the game
[22:51:23] [Server thread/INFO] (Minecraft) [Player487: Applied effect Glowing to Cow]
[22:51:23] [Render thread/INFO] (Minecraft) [System] [CHAT] Applied effect Glowing to Cow
[22:51:29] [Server thread/INFO] (Minecraft) [Player487: Removed every effect from 332 targets]
[22:51:29] [Render thread/INFO] (Minecraft) [System] [CHAT] Removed every effect from 332 targets
[22:51:33] [Render thread/INFO] (Minecraft) Loaded 75 advancements
[22:52:12] [Render thread/INFO] (Minecraft) Loaded 75 advancements
[22:52:46] [Server thread/INFO] (Minecraft) [Player487: Teleported Player487 to CinarBayramic]
[22:52:46] [Render thread/INFO] (Minecraft) [System] [CHAT] Teleported Player487 to CinarBayramic
[22:53:05] [Server thread/INFO] (Minecraft) [Player487: Created team [blues]]
[22:53:05] [Render thread/INFO] (Minecraft) [System] [CHAT] Created team [blues]
[22:53:09] [Server thread/INFO] (Minecraft) [Player487: Added Player487 to team [blues]]
[22:53:09] [Render thread/INFO] (Minecraft) [System] [CHAT] Added Player487 to team [blues]
[22:53:22] [Server thread/INFO] (Minecraft) [Player487: Updated the color for team [blues] to aqua]
[22:53:22] [Render thread/INFO] (Minecraft) [System] [CHAT] Updated the color for team [blues] to aqua
[22:56:58] [Server thread/INFO] (Minecraft) Player487 lost connection: Disconnected
[22:56:58] [Server thread/INFO] (Minecraft) Player487 left the game
[22:56:58] [Server thread/INFO] (Minecraft) Stopping singleplayer server as player logged out
[22:56:58] [Server thread/INFO] (Minecraft) Stopping server
[22:56:58] [Server thread/INFO] (Minecraft) Saving players
[22:56:58] [Server thread/INFO] (Minecraft) Saving worlds
[22:56:58] [Server thread/INFO] (Minecraft) Saving chunks for level 'ServerLevel[New World]'/minecraft:overworld
[22:56:58] [Server thread/INFO] (Minecraft) Saving chunks for level 'ServerLevel[New World]'/minecraft:the_end
[22:56:58] [Server thread/INFO] (Minecraft) Saving chunks for level 'ServerLevel[New World]'/minecraft:the_nether
[22:56:58] [Server thread/INFO] (Minecraft) ThreadedAnvilChunkStorage (New World): All chunks are saved
[22:56:58] [Server thread/INFO] (Minecraft) ThreadedAnvilChunkStorage (DIM1): All chunks are saved
[22:56:58] [Server thread/INFO] (Minecraft) ThreadedAnvilChunkStorage (DIM-1): All chunks are saved
[22:56:58] [Server thread/INFO] (Minecraft) ThreadedAnvilChunkStorage: All dimensions are saved
[22:57:02] [Render thread/INFO] (Minecraft) Stopping!
